\BOOKMARK [0][-]{chapter*.1}{\376\377\000Z\000u\000s\000a\000m\000m\000e\000n\000f\000a\000s\000s\000u\000n\000g}{}% 1
\BOOKMARK [0][-]{chapter*.2}{\376\377\000S\000u\000m\000m\000a\000r\000y}{}% 2
\BOOKMARK [0][-]{chapter*.3}{\376\377\000A\000c\000k\000n\000o\000w\000l\000e\000d\000g\000e\000m\000e\000n\000t\000s}{}% 3
\BOOKMARK [0][-]{chapter.1}{\376\377\000I\000n\000t\000r\000o\000d\000u\000c\000t\000i\000o\000n}{}% 4
\BOOKMARK [1][-]{section.1.1}{\376\377\000M\000i\000c\000r\000o\000b\000i\000o\000m\000e\000\040\000d\000a\000t\000a\000\040\000a\000s\000\040\000s\000t\000a\000t\000i\000s\000t\000i\000c\000a\000l\000\040\000o\000b\000j\000e\000c\000t\000s}{chapter.1}% 5
\BOOKMARK [1][-]{section.1.2}{\376\377\000A\000n\000a\000l\000y\000s\000i\000s\000\040\000t\000a\000r\000g\000e\000t\000s\000\040\000i\000n\000\040\000m\000i\000c\000r\000o\000b\000i\000o\000m\000e\000\040\000s\000t\000u\000d\000i\000e\000s}{chapter.1}% 6
\BOOKMARK [1][-]{section.1.3}{\376\377\000P\000e\000r\000m\000u\000t\000a\000t\000i\000o\000n\000\040\000t\000e\000s\000t\000i\000n\000g\000\040\000a\000s\000\040\000a\000\040\000u\000n\000i\000f\000y\000i\000n\000g\000\040\000a\000p\000p\000r\000o\000a\000c\000h}{chapter.1}% 7
\BOOKMARK [1][-]{section.1.4}{\376\377\000M\000a\000i\000n\000\040\000c\000o\000n\000t\000r\000i\000b\000u\000t\000i\000o\000n\000s}{chapter.1}% 8
\BOOKMARK [1][-]{section.1.5}{\376\377\000T\000h\000e\000s\000i\000s\000\040\000o\000u\000t\000l\000i\000n\000e}{chapter.1}% 9
\BOOKMARK [1][-]{section.1.6}{\376\377\000N\000o\000t\000a\000t\000i\000o\000n}{chapter.1}% 10
\BOOKMARK [0][-]{chapter.2}{\376\377\000M\000i\000c\000r\000o\000b\000i\000o\000m\000e\000\040\000d\000a\000t\000a\000\040\000a\000s\000\040\000s\000t\000a\000t\000i\000s\000t\000i\000c\000a\000l\000\040\000o\000b\000j\000e\000c\000t\000s}{}% 11
\BOOKMARK [1][-]{section.2.1}{\376\377\000I\000n\000t\000r\000o\000d\000u\000c\000t\000i\000o\000n}{chapter.2}% 12
\BOOKMARK [1][-]{section.2.2}{\376\377\000F\000r\000o\000m\000\040\000s\000e\000q\000u\000e\000n\000c\000i\000n\000g\000\040\000r\000e\000a\000d\000s\000\040\000t\000o\000\040\000c\000o\000u\000n\000t\000\040\000m\000a\000t\000r\000i\000c\000e\000s}{chapter.2}% 13
\BOOKMARK [1][-]{section.2.3}{\376\377\000C\000h\000a\000r\000a\000c\000t\000e\000r\000i\000s\000t\000i\000c\000s\000\040\000o\000f\000\040\000m\000i\000c\000r\000o\000b\000i\000o\000m\000e\000\040\000d\000a\000t\000a}{chapter.2}% 14
\BOOKMARK [2][-]{subsection.2.3.1}{\376\377\000C\000o\000m\000p\000o\000s\000i\000t\000i\000o\000n\000a\000l\000i\000t\000y\000\040\000a\000n\000d\000\040\000i\000n\000d\000u\000c\000e\000d\000\040\000d\000e\000p\000e\000n\000d\000e\000n\000c\000e}{section.2.3}% 15
\BOOKMARK [2][-]{subsection.2.3.2}{\376\377\000L\000i\000b\000r\000a\000r\000y\000\040\000s\000i\000z\000e\000\040\000v\000a\000r\000i\000a\000b\000i\000l\000i\000t\000y}{section.2.3}% 16
\BOOKMARK [2][-]{subsection.2.3.3}{\376\377\000S\000p\000a\000r\000s\000i\000t\000y\000\040\000a\000n\000d\000\040\000e\000x\000c\000e\000s\000s\000\040\000z\000e\000r\000o\000s}{section.2.3}% 17
\BOOKMARK [2][-]{subsection.2.3.4}{\376\377\000O\000v\000e\000r\000d\000i\000s\000p\000e\000r\000s\000i\000o\000n\000\040\000a\000n\000d\000\040\000h\000e\000t\000e\000r\000o\000g\000e\000n\000e\000i\000t\000y}{section.2.3}% 18
\BOOKMARK [2][-]{subsection.2.3.5}{\376\377\000H\000i\000g\000h\000\040\000d\000i\000m\000e\000n\000s\000i\000o\000n\000a\000l\000i\000t\000y}{section.2.3}% 19
\BOOKMARK [2][-]{subsection.2.3.6}{\376\377\000C\000o\000n\000s\000e\000q\000u\000e\000n\000c\000e\000s\000\040\000f\000o\000r\000\040\000s\000t\000a\000t\000i\000s\000t\000i\000c\000a\000l\000\040\000a\000n\000a\000l\000y\000s\000i\000s}{section.2.3}% 20
\BOOKMARK [1][-]{section.2.4}{\376\377\000T\000a\000x\000o\000n\000o\000m\000i\000c\000\040\000a\000g\000g\000r\000e\000g\000a\000t\000i\000o\000n}{chapter.2}% 21
\BOOKMARK [1][-]{section.2.5}{\376\377\000F\000i\000l\000t\000e\000r\000i\000n\000g\000\040\000o\000f\000\040\000s\000a\000m\000p\000l\000e\000s\000\040\000a\000n\000d\000\040\000t\000a\000x\000a}{chapter.2}% 22
\BOOKMARK [2][-]{subsection.2.5.1}{\376\377\000S\000a\000m\000p\000l\000e\000\040\000f\000i\000l\000t\000e\000r\000i\000n\000g}{section.2.5}% 23
\BOOKMARK [2][-]{subsection.2.5.2}{\376\377\000T\000a\000x\000a\000\040\000f\000i\000l\000t\000e\000r\000i\000n\000g}{section.2.5}% 24
\BOOKMARK [1][-]{section.2.6}{\376\377\000N\000o\000r\000m\000a\000l\000i\000z\000a\000t\000i\000o\000n\000\040\000a\000n\000d\000\040\000l\000i\000b\000r\000a\000r\000y\000-\000s\000i\000z\000e\000\040\000a\000d\000j\000u\000s\000t\000m\000e\000n\000t}{chapter.2}% 25
\BOOKMARK [2][-]{subsection.2.6.1}{\376\377\000S\000c\000a\000l\000i\000n\000g\000-\000b\000a\000s\000e\000d\000\040\000l\000i\000b\000r\000a\000r\000y\000\040\000s\000i\000z\000e\000\040\000a\000d\000j\000u\000s\000t\000m\000e\000n\000t}{section.2.6}% 26
\BOOKMARK [2][-]{subsection.2.6.2}{\376\377\000R\000a\000r\000e\000f\000a\000c\000t\000i\000o\000n}{section.2.6}% 27
\BOOKMARK [1][-]{section.2.7}{\376\377\000H\000a\000n\000d\000l\000i\000n\000g\000\040\000z\000e\000r\000o\000\040\000c\000o\000u\000n\000t\000s}{chapter.2}% 28
\BOOKMARK [2][-]{subsection.2.7.1}{\376\377\000T\000y\000p\000e\000s\000\040\000o\000f\000\040\000z\000e\000r\000o\000s}{section.2.7}% 29
\BOOKMARK [2][-]{subsection.2.7.2}{\376\377\000R\000e\000p\000l\000a\000c\000e\000m\000e\000n\000t\000\040\000a\000n\000d\000\040\000i\000m\000p\000u\000t\000a\000t\000i\000o\000n\000\040\000s\000t\000r\000a\000t\000e\000g\000i\000e\000s}{section.2.7}% 30
\BOOKMARK [1][-]{section.2.8}{\376\377\000T\000r\000a\000n\000s\000f\000o\000r\000m\000a\000t\000i\000o\000n\000s}{chapter.2}% 31
\BOOKMARK [2][-]{subsection.2.8.1}{\376\377\000V\000a\000r\000i\000a\000n\000c\000e\000-\000s\000t\000a\000b\000i\000l\000i\000z\000i\000n\000g\000\040\000t\000r\000a\000n\000s\000f\000o\000r\000m\000a\000t\000i\000o\000n\000s}{section.2.8}% 32
\BOOKMARK [2][-]{subsection.2.8.2}{\376\377\000L\000o\000g\000-\000r\000a\000t\000i\000o\000\040\000t\000r\000a\000n\000s\000f\000o\000r\000m\000a\000t\000i\000o\000n\000s}{section.2.8}% 33
\BOOKMARK [1][-]{section.2.9}{\376\377\000C\000L\000R\000\040\000t\000r\000a\000n\000s\000f\000o\000r\000m\000a\000t\000i\000o\000n\000s\000\040\000i\000n\000\040\000t\000h\000e\000\040\000p\000r\000e\000s\000e\000n\000c\000e\000\040\000o\000f\000\040\000z\000e\000r\000o\000s}{chapter.2}% 34
\BOOKMARK [2][-]{subsection.2.9.1}{\376\377\000C\000L\000R\000\040\000a\000f\000t\000e\000r\000\040\000m\000u\000l\000t\000i\000p\000l\000i\000c\000a\000t\000i\000v\000e\000\040\000r\000e\000p\000l\000a\000c\000e\000m\000e\000n\000t}{section.2.9}% 35
\BOOKMARK [2][-]{subsection.2.9.2}{\376\377\000M\000o\000d\000i\000f\000i\000e\000d\000\040\000C\000L\000R\000\040\000\050\000m\000C\000L\000R\000\051}{section.2.9}% 36
\BOOKMARK [2][-]{subsection.2.9.3}{\376\377\000G\000e\000o\000m\000e\000t\000r\000i\000c\000\040\000m\000e\000a\000n\000\040\000e\000x\000t\000e\000n\000s\000i\000o\000n\000\040\000a\000n\000d\000\040\000o\000f\000f\000s\000e\000t\000-\000b\000a\000s\000e\000d\000\040\000C\000L\000R}{section.2.9}% 37
\BOOKMARK [2][-]{subsection.2.9.4}{\376\377\000C\000o\000m\000p\000a\000r\000a\000t\000i\000v\000e\000\040\000e\000x\000a\000m\000p\000l\000e}{section.2.9}% 38
\BOOKMARK [1][-]{section.2.10}{\376\377\000S\000t\000a\000t\000i\000s\000t\000i\000c\000a\000l\000\040\000c\000o\000n\000s\000e\000q\000u\000e\000n\000c\000e\000s\000\040\000o\000f\000\040\000p\000r\000e\000p\000r\000o\000c\000e\000s\000s\000i\000n\000g}{chapter.2}% 39
\BOOKMARK [1][-]{section.2.11}{\376\377\000P\000r\000e\000p\000r\000o\000c\000e\000s\000s\000i\000n\000g\000\040\000c\000h\000o\000i\000c\000e\000s\000\040\000i\000n\000\040\000t\000h\000i\000s\000\040\000t\000h\000e\000s\000i\000s}{chapter.2}% 40
\BOOKMARK [0][-]{chapter.3}{\376\377\000C\000o\000m\000m\000u\000n\000i\000t\000y\000-\000l\000e\000v\000e\000l\000\040\000s\000u\000m\000m\000a\000r\000i\000e\000s}{}% 41
\BOOKMARK [1][-]{section.3.1}{\376\377\000I\000n\000t\000r\000o\000d\000u\000c\000t\000i\000o\000n}{chapter.3}% 42
\BOOKMARK [1][-]{section.3.2}{\376\377\000W\000i\000t\000h\000i\000n\000-\000s\000a\000m\000p\000l\000e\000\040\000d\000i\000v\000e\000r\000s\000i\000t\000y}{chapter.3}% 43
\BOOKMARK [2][-]{subsection.3.2.1}{\376\377\000R\000i\000c\000h\000n\000e\000s\000s\000\040\000e\000s\000t\000i\000m\000a\000t\000i\000o\000n}{section.3.2}% 44
\BOOKMARK [2][-]{subsection.3.2.2}{\376\377\000D\000i\000v\000e\000r\000s\000i\000t\000y\000\040\000i\000n\000d\000i\000c\000e\000s}{section.3.2}% 45
\BOOKMARK [2][-]{subsection.3.2.3}{\376\377\000T\000e\000s\000t\000i\000n\000g\000\040\000w\000i\000t\000h\000i\000n\000-\000s\000a\000m\000p\000l\000e\000\040\000d\000i\000v\000e\000r\000s\000i\000t\000y}{section.3.2}% 46
\BOOKMARK [2][-]{subsection.3.2.4}{\376\377\000R\000e\000g\000r\000e\000s\000s\000i\000o\000n\000\040\000m\000o\000d\000e\000l\000i\000n\000g\000\040\000o\000f\000\040\000w\000i\000t\000h\000i\000n\000-\000s\000a\000m\000p\000l\000e\000\040\000d\000i\000v\000e\000r\000s\000i\000t\000y}{section.3.2}% 47
\BOOKMARK [1][-]{section.3.3}{\376\377\000B\000e\000t\000w\000e\000e\000n\000-\000s\000a\000m\000p\000l\000e\000\040\000d\000i\000s\000s\000i\000m\000i\000l\000a\000r\000i\000t\000y}{chapter.3}% 48
\BOOKMARK [2][-]{subsection.3.3.1}{\376\377\000B\000e\000t\000a\000\040\000d\000i\000v\000e\000r\000s\000i\000t\000y\000\040\000a\000s\000\040\000a\000\040\000d\000i\000s\000s\000i\000m\000i\000l\000a\000r\000i\000t\000y\000-\000b\000a\000s\000e\000d\000\040\000s\000u\000m\000m\000a\000r\000y}{section.3.3}% 49
\BOOKMARK [2][-]{subsection.3.3.2}{\376\377\000B\000r\000a\000y\040\023\000C\000u\000r\000t\000i\000s\000\040\000d\000i\000s\000s\000i\000m\000i\000l\000a\000r\000i\000t\000y}{section.3.3}% 50
\BOOKMARK [2][-]{subsection.3.3.3}{\376\377\000E\000u\000c\000l\000i\000d\000e\000a\000n\000\040\000d\000i\000s\000t\000a\000n\000c\000e\000\040\000f\000o\000r\000\040\000c\000o\000m\000p\000o\000s\000i\000t\000i\000o\000n\000a\000l\000\040\000d\000a\000t\000a}{section.3.3}% 51
\BOOKMARK [2][-]{subsection.3.3.4}{\376\377\000O\000r\000d\000i\000n\000a\000t\000i\000o\000n}{section.3.3}% 52
\BOOKMARK [2][-]{subsection.3.3.5}{\376\377\000P\000E\000R\000M\000A\000N\000O\000V\000A\000\040\000a\000n\000d\000\040\000d\000i\000s\000t\000a\000n\000c\000e\000-\000b\000a\000s\000e\000d\000\040\000t\000e\000s\000t\000i\000n\000g}{section.3.3}% 53
\BOOKMARK [2][-]{subsection.3.3.6}{\376\377\000C\000o\000m\000m\000u\000n\000i\000t\000y\000\040\000d\000i\000s\000p\000e\000r\000s\000i\000o\000n}{section.3.3}% 54
\BOOKMARK [1][-]{section.3.4}{\376\377\000R\000e\000g\000r\000e\000s\000s\000i\000o\000n\000\040\000m\000o\000d\000e\000l\000s\000\040\000f\000o\000r\000\040\000c\000o\000m\000p\000o\000s\000i\000t\000i\000o\000n\000a\000l\000\040\000r\000e\000s\000p\000o\000n\000s\000e\000s}{chapter.3}% 55
\BOOKMARK [2][-]{subsection.3.4.1}{\376\377\000A\000p\000p\000r\000o\000a\000c\000h\000e\000s\000\040\000f\000o\000r\000\040\000m\000o\000d\000e\000l\000i\000n\000g\000\040\000m\000i\000c\000r\000o\000b\000i\000a\000l\000\040\000c\000o\000m\000p\000o\000s\000i\000t\000i\000o\000n\000s}{section.3.4}% 56
\BOOKMARK [2][-]{subsection.3.4.2}{\376\377\000C\000L\000R\000-\000b\000a\000s\000e\000d\000\040\000m\000u\000l\000t\000i\000v\000a\000r\000i\000a\000t\000e\000\040\000r\000e\000g\000r\000e\000s\000s\000i\000o\000n}{section.3.4}% 57
\BOOKMARK [2][-]{subsection.3.4.3}{\376\377\000T\000e\000s\000t\000i\000n\000g\000\040\000c\000o\000v\000a\000r\000i\000a\000t\000e\000\040\000e\000f\000f\000e\000c\000t\000s}{section.3.4}% 58
\BOOKMARK [1][-]{section.3.5}{\376\377\000C\000o\000m\000p\000o\000s\000i\000t\000i\000o\000n\000a\000l\000\040\000e\000q\000u\000i\000v\000a\000l\000e\000n\000c\000e}{chapter.3}% 59
\BOOKMARK [2][-]{subsection.3.5.1}{\376\377\000C\000o\000n\000c\000e\000p\000t\000\040\000a\000n\000d\000\040\000h\000y\000p\000o\000t\000h\000e\000s\000i\000s}{section.3.5}% 60
\BOOKMARK [2][-]{subsection.3.5.2}{\376\377\000M\000a\000x\000i\000m\000u\000m\000-\000t\000y\000p\000e\000\040\000t\000e\000s\000t\000\040\000s\000t\000a\000t\000i\000s\000t\000i\000c}{section.3.5}% 61
\BOOKMARK [2][-]{subsection.3.5.3}{\376\377\000P\000e\000r\000m\000u\000t\000a\000t\000i\000o\000n\000-\000b\000a\000s\000e\000d\000\040\000i\000n\000f\000e\000r\000e\000n\000c\000e\000\040\000a\000n\000d\000\040\000a\000p\000p\000l\000i\000c\000a\000t\000i\000o\000n}{section.3.5}% 62
\BOOKMARK [0][-]{chapter.4}{\376\377\000F\000e\000a\000t\000u\000r\000e\000-\000l\000e\000v\000e\000l\000\040\000m\000e\000a\000s\000u\000r\000e\000s}{}% 63
\BOOKMARK [1][-]{section.4.1}{\376\377\000I\000n\000t\000r\000o\000d\000u\000c\000t\000i\000o\000n}{chapter.4}% 64
\BOOKMARK [1][-]{section.4.2}{\376\377\000E\000x\000p\000l\000o\000r\000a\000t\000o\000r\000y\000\040\000t\000a\000x\000o\000n\000-\000l\000e\000v\000e\000l\000\040\000a\000n\000a\000l\000y\000s\000i\000s}{chapter.4}% 65
\BOOKMARK [1][-]{section.4.3}{\376\377\000D\000i\000f\000f\000e\000r\000e\000n\000t\000i\000a\000l\000\040\000a\000b\000u\000n\000d\000a\000n\000c\000e\000\040\000a\000n\000a\000l\000y\000s\000i\000s}{chapter.4}% 66
\BOOKMARK [2][-]{subsection.4.3.1}{\376\377\000O\000v\000e\000r\000v\000i\000e\000w\000\040\000o\000f\000\040\000e\000x\000i\000s\000t\000i\000n\000g\000\040\000m\000e\000t\000h\000o\000d\000s}{section.4.3}% 67
\BOOKMARK [2][-]{subsection.4.3.2}{\376\377\000D\000A\000C\000O\000M\000P}{section.4.3}% 68
\BOOKMARK [1][-]{section.4.4}{\376\377\000D\000i\000f\000f\000e\000r\000e\000n\000t\000i\000a\000l\000\040\000d\000i\000s\000t\000r\000i\000b\000u\000t\000i\000o\000n\000\040\000a\000n\000a\000l\000y\000s\000i\000s}{chapter.4}% 69
\BOOKMARK [2][-]{subsection.4.4.1}{\376\377\000O\000v\000e\000r\000v\000i\000e\000w\000\040\000o\000f\000\040\000e\000x\000i\000s\000t\000i\000n\000g\000\040\000m\000e\000t\000h\000o\000d\000s}{section.4.4}% 70
\BOOKMARK [2][-]{subsection.4.4.2}{\376\377\000T\000w\000o\000-\000s\000t\000a\000g\000e\000\040\000d\000i\000f\000f\000e\000r\000e\000n\000t\000i\000a\000l\000\040\000d\000i\000s\000t\000r\000i\000b\000u\000t\000i\000o\000n\000\040\000t\000e\000s\000t\000i\000n\000g\000\040\000w\000i\000t\000h\000\040\000w\000a\000d\000d\000R}{section.4.4}% 71
\BOOKMARK [2][-]{subsection.4.4.3}{\376\377\000A\000d\000a\000p\000t\000a\000t\000i\000o\000n\000\040\000o\000f\000\040\000w\000a\000d\000d\000R\000\040\000t\000o\000\040\000m\000i\000c\000r\000o\000b\000i\000o\000m\000e\000\040\000d\000a\000t\000a}{section.4.4}% 72
\BOOKMARK [0][-]{chapter.5}{\376\377\000A\000s\000s\000o\000c\000i\000a\000t\000i\000o\000n\000\040\000n\000e\000t\000w\000o\000r\000k\000s\000\040\000w\000i\000t\000h\000\040\000N\000e\000t\000C\000o\000M\000i}{}% 73
\BOOKMARK [1][-]{section.5.1}{\376\377\000I\000n\000t\000r\000o\000d\000u\000c\000t\000i\000o\000n}{chapter.5}% 74
\BOOKMARK [1][-]{section.5.2}{\376\377\000N\000e\000t\000w\000o\000r\000k\000\040\000c\000o\000n\000s\000t\000r\000u\000c\000t\000i\000o\000n}{chapter.5}% 75
\BOOKMARK [2][-]{subsection.5.2.1}{\376\377\000S\000p\000a\000r\000s\000e\000\040\000\050\000i\000n\000v\000e\000r\000s\000e\000\051\000\040\000c\000o\000v\000a\000r\000i\000a\000n\000c\000e\000\040\000e\000s\000t\000i\000m\000a\000t\000i\000o\000n}{section.5.2}% 76
\BOOKMARK [2][-]{subsection.5.2.2}{\376\377\000A\000s\000s\000o\000c\000i\000a\000t\000i\000o\000n\000\040\000e\000s\000t\000i\000m\000a\000t\000i\000o\000n\000\040\000f\000o\000r\000\040\000m\000i\000c\000r\000o\000b\000i\000o\000m\000e\000\040\000d\000a\000t\000a}{section.5.2}% 77
\BOOKMARK [2][-]{subsection.5.2.3}{\376\377\000A\000c\000c\000o\000u\000n\000t\000i\000n\000g\000\040\000f\000o\000r\000\040\000l\000a\000t\000e\000n\000t\000\040\000c\000o\000n\000f\000o\000u\000n\000d\000i\000n\000g\000\040\000i\000n\000\040\000a\000s\000s\000o\000c\000i\000a\000t\000i\000o\000n\000\040\000e\000s\000t\000i\000m\000a\000t\000i\000o\000n}{section.5.2}% 78
\BOOKMARK [2][-]{subsection.5.2.4}{\376\377\000S\000p\000a\000r\000s\000i\000f\000i\000c\000a\000t\000i\000o\000n}{section.5.2}% 79
\BOOKMARK [2][-]{subsection.5.2.5}{\376\377\000F\000r\000o\000m\000\040\000s\000p\000a\000r\000s\000e\000\040\000a\000s\000s\000o\000c\000i\000a\000t\000i\000o\000n\000s\000\040\000t\000o\000\040\000e\000d\000g\000e\000\040\000w\000e\000i\000g\000h\000t\000s}{section.5.2}% 80
\BOOKMARK [1][-]{section.5.3}{\376\377\000N\000e\000t\000w\000o\000r\000k\000\040\000a\000n\000a\000l\000y\000s\000i\000s}{chapter.5}% 81
\BOOKMARK [2][-]{subsection.5.3.1}{\376\377\000C\000o\000n\000n\000e\000c\000t\000e\000d\000\040\000c\000o\000m\000p\000o\000n\000e\000n\000t\000s\000\040\000a\000n\000d\000\040\000s\000h\000o\000r\000t\000e\000s\000t\000\040\000p\000a\000t\000h\000s}{section.5.3}% 82
\BOOKMARK [2][-]{subsection.5.3.2}{\376\377\000C\000e\000n\000t\000r\000a\000l\000i\000t\000y\000\040\000m\000e\000a\000s\000u\000r\000e\000s\000\040\000a\000n\000d\000\040\000h\000u\000b\000s}{section.5.3}% 83
\BOOKMARK [2][-]{subsection.5.3.3}{\376\377\000G\000l\000o\000b\000a\000l\000\040\000n\000e\000t\000w\000o\000r\000k\000\040\000p\000r\000o\000p\000e\000r\000t\000i\000e\000s}{section.5.3}% 84
\BOOKMARK [2][-]{subsection.5.3.4}{\376\377\000C\000l\000u\000s\000t\000e\000r\000i\000n\000g\000\040\000a\000n\000d\000\040\000m\000o\000d\000u\000l\000a\000r\000\040\000s\000t\000r\000u\000c\000t\000u\000r\000e}{section.5.3}% 85
\BOOKMARK [2][-]{subsection.5.3.5}{\376\377\000G\000r\000a\000p\000h\000l\000e\000t\000-\000b\000a\000s\000e\000d\000\040\000n\000e\000t\000w\000o\000r\000k\000\040\000s\000u\000m\000m\000a\000r\000i\000e\000s}{section.5.3}% 86
\BOOKMARK [1][-]{section.5.4}{\376\377\000N\000e\000t\000w\000o\000r\000k\000\040\000c\000o\000m\000p\000a\000r\000i\000s\000o\000n}{chapter.5}% 87
\BOOKMARK [2][-]{subsection.5.4.1}{\376\377\000D\000i\000f\000f\000e\000r\000e\000n\000t\000i\000a\000l\000\040\000a\000s\000s\000o\000c\000i\000a\000t\000i\000o\000n\000\040\000a\000n\000a\000l\000y\000s\000i\000s}{section.5.4}% 88
\BOOKMARK [2][-]{subsection.5.4.2}{\376\377\000D\000i\000f\000f\000e\000r\000e\000n\000t\000i\000a\000l\000\040\000n\000e\000t\000w\000o\000r\000k\000\040\000a\000n\000a\000l\000y\000s\000i\000s}{section.5.4}% 89
\BOOKMARK [1][-]{section.5.5}{\376\377\000F\000r\000o\000m\000\040\000m\000o\000d\000u\000l\000a\000r\000\040\000m\000e\000t\000h\000o\000d\000s\000\040\000t\000o\000\040\000a\000\040\000c\000o\000h\000e\000r\000e\000n\000t\000\040\000w\000o\000r\000k\000f\000l\000o\000w}{chapter.5}% 90
\BOOKMARK [2][-]{subsection.5.5.1}{\376\377\000M\000o\000t\000i\000v\000a\000t\000i\000o\000n\000\040\000a\000n\000d\000\040\000d\000e\000s\000i\000g\000n\000\040\000o\000b\000j\000e\000c\000t\000i\000v\000e\000s}{section.5.5}% 91
\BOOKMARK [2][-]{subsection.5.5.2}{\376\377\000P\000a\000c\000k\000a\000g\000e\000\040\000a\000r\000c\000h\000i\000t\000e\000c\000t\000u\000r\000e}{section.5.5}% 92
\BOOKMARK [2][-]{subsection.5.5.3}{\376\377\000N\000e\000t\000w\000o\000r\000k\000\040\000c\000o\000n\000s\000t\000r\000u\000c\000t\000i\000o\000n\000\040\000w\000i\000t\000h\000\040\000n\000e\000t\000C\000o\000n\000s\000t\000r\000u\000c\000t}{section.5.5}% 93
\BOOKMARK [2][-]{subsection.5.5.4}{\376\377\000N\000e\000t\000w\000o\000r\000k\000\040\000a\000n\000a\000l\000y\000s\000i\000s\000\040\000a\000n\000d\000\040\000v\000i\000s\000u\000a\000l\000i\000z\000a\000t\000i\000o\000n\000\040\000w\000i\000t\000h\000\040\000n\000e\000t\000A\000n\000a\000l\000y\000z\000e}{section.5.5}% 94
\BOOKMARK [2][-]{subsection.5.5.5}{\376\377\000C\000o\000m\000p\000a\000r\000a\000t\000i\000v\000e\000\040\000n\000e\000t\000w\000o\000r\000k\000\040\000i\000n\000f\000e\000r\000e\000n\000c\000e\000\040\000w\000i\000t\000h\000\040\000n\000e\000t\000C\000o\000m\000p\000a\000r\000e\000\040\000a\000n\000d\000\040\000d\000i\000f\000f\000n\000e\000t}{section.5.5}% 95
\BOOKMARK [1][-]{section.5.6}{\376\377\000D\000i\000s\000c\000u\000s\000s\000i\000o\000n}{chapter.5}% 96
\BOOKMARK [0][-]{chapter.6}{\376\377\000A\000p\000p\000r\000o\000x\000i\000m\000a\000t\000i\000o\000n\000\040\000o\000f\000\040\000p\000e\000r\000m\000u\000t\000a\000t\000i\000o\000n\000\040\000p\000-\000v\000a\000l\000u\000e\000s\000\040\000w\000i\000t\000h\000\040\000p\000e\000r\000m\000A\000p\000p\000r\000o\000x}{}% 97
\BOOKMARK [1][-]{section.6.1}{\376\377\000I\000n\000t\000r\000o\000d\000u\000c\000t\000i\000o\000n}{chapter.6}% 98
\BOOKMARK [1][-]{section.6.2}{\376\377\000P\000e\000r\000m\000u\000t\000a\000t\000i\000o\000n\000\040\000t\000e\000s\000t\000i\000n\000g\000\040\000u\000n\000d\000e\000r\000\040\000f\000i\000n\000i\000t\000e\000\040\000r\000e\000s\000o\000l\000u\000t\000i\000o\000n}{chapter.6}% 99
\BOOKMARK [1][-]{section.6.3}{\376\377\000G\000P\000D\000-\000b\000a\000s\000e\000d\000\040\000p\000-\000v\000a\000l\000u\000e\000\040\000a\000p\000p\000r\000o\000x\000i\000m\000a\000t\000i\000o\000n}{chapter.6}% 100
\BOOKMARK [1][-]{section.6.4}{\376\377\000P\000r\000o\000p\000o\000s\000e\000d\000\040\000c\000o\000n\000s\000t\000r\000a\000i\000n\000e\000d\000\040\000G\000P\000D\000\040\000f\000i\000t\000t\000i\000n\000g}{chapter.6}% 101
\BOOKMARK [1][-]{section.6.5}{\376\377\000T\000h\000e\000\040\000p\000e\000r\000m\000A\000p\000p\000r\000o\000x\000\040\000w\000o\000r\000k\000f\000l\000o\000w}{chapter.6}% 102
\BOOKMARK [2][-]{subsection.6.5.1}{\376\377\000O\000v\000e\000r\000v\000i\000e\000w\000\040\000a\000n\000d\000\040\000s\000c\000o\000p\000e\000\040\000o\000f\000\040\000t\000h\000e\000\040\000w\000o\000r\000k\000f\000l\000o\000w}{section.6.5}% 103
\BOOKMARK [2][-]{subsection.6.5.2}{\376\377\000O\000v\000e\000r\000v\000i\000e\000w\000\040\000o\000f\000\040\000s\000i\000m\000u\000l\000a\000t\000i\000o\000n\000\040\000s\000t\000u\000d\000i\000e\000s}{section.6.5}% 104
\BOOKMARK [2][-]{subsection.6.5.3}{\376\377\000D\000e\000f\000a\000u\000l\000t\000\040\000p\000e\000r\000m\000A\000p\000p\000r\000o\000x\000\040\000c\000o\000n\000f\000i\000g\000u\000r\000a\000t\000i\000o\000n\000\040\000a\000n\000d\000\040\000i\000m\000p\000l\000e\000m\000e\000n\000t\000a\000t\000i\000o\000n}{section.6.5}% 105
\BOOKMARK [2][-]{subsection.6.5.4}{\376\377\000R\000e\000m\000a\000r\000k\000s\000\040\000o\000n\000\040\000s\000i\000n\000g\000l\000e\000\040\000a\000n\000d\000\040\000m\000u\000l\000t\000i\000p\000l\000e\000\040\000t\000e\000s\000t\000i\000n\000g}{section.6.5}% 106
\BOOKMARK [1][-]{section.6.6}{\376\377\000T\000h\000r\000e\000s\000h\000o\000l\000d\000\040\000s\000e\000l\000e\000c\000t\000i\000o\000n\000\040\000f\000o\000r\000\040\000p\000e\000r\000m\000u\000t\000a\000t\000i\000o\000n\000\040\000t\000a\000i\000l\000s}{chapter.6}% 107
\BOOKMARK [2][-]{subsection.6.6.1}{\376\377\000P\000r\000i\000n\000c\000i\000p\000l\000e\000s\000\040\000o\000f\000\040\000t\000h\000r\000e\000s\000h\000o\000l\000d\000\040\000s\000e\000l\000e\000c\000t\000i\000o\000n\000\040\000i\000n\000\040\000P\000O\000T\000\040\000m\000o\000d\000e\000l\000i\000n\000g}{section.6.6}% 108
\BOOKMARK [2][-]{subsection.6.6.2}{\376\377\000T\000h\000r\000e\000s\000h\000o\000l\000d\000\040\000s\000e\000l\000e\000c\000t\000i\000o\000n\000\040\000i\000n\000\040\000p\000-\000v\000a\000l\000u\000e\000\040\000a\000p\000p\000r\000o\000x\000i\000m\000a\000t\000i\000o\000n}{section.6.6}% 109
\BOOKMARK [2][-]{subsection.6.6.3}{\376\377\000E\000x\000i\000s\000t\000i\000n\000g\000\040\000t\000h\000r\000e\000s\000h\000o\000l\000d\000\040\000s\000e\000l\000e\000c\000t\000i\000o\000n\000\040\000a\000p\000p\000r\000o\000a\000c\000h\000e\000s}{section.6.6}% 110
\BOOKMARK [2][-]{subsection.6.6.4}{\376\377\000A\000d\000d\000i\000t\000i\000o\000n\000a\000l\000\040\000a\000p\000p\000r\000o\000a\000c\000h\000e\000s\000\040\000d\000e\000v\000e\000l\000o\000p\000e\000d\000\040\000i\000n\000\040\000t\000h\000i\000s\000\040\000w\000o\000r\000k}{section.6.6}% 111
\BOOKMARK [2][-]{subsection.6.6.5}{\376\377\000S\000i\000m\000u\000l\000a\000t\000i\000o\000n\000\040\000s\000t\000u\000d\000y\000\040\000o\000n\000\040\000t\000h\000r\000e\000s\000h\000o\000l\000d\000\040\000r\000e\000c\000o\000v\000e\000r\000y}{section.6.6}% 112
\BOOKMARK [2][-]{subsection.6.6.6}{\376\377\000S\000i\000m\000u\000l\000a\000t\000i\000o\000n\000\040\000s\000t\000u\000d\000y\000\040\000o\000n\000\040\000p\000-\000v\000a\000l\000u\000e\000\040\000r\000e\000c\000o\000v\000e\000r\000y}{section.6.6}% 113
\BOOKMARK [2][-]{subsection.6.6.7}{\376\377\000S\000t\000u\000d\000y\000\040\000o\000n\000\040\000t\000h\000e\000\040\000n\000u\000m\000b\000e\000r\000\040\000o\000f\000\040\000s\000t\000a\000r\000t\000i\000n\000g\000\040\000e\000x\000c\000e\000e\000d\000a\000n\000c\000e\000s}{section.6.6}% 114
\BOOKMARK [2][-]{subsection.6.6.8}{\376\377\000D\000e\000f\000a\000u\000l\000t\000\040\000t\000h\000r\000e\000s\000h\000o\000l\000d\000\040\000d\000e\000t\000e\000c\000t\000i\000o\000n\000\040\000a\000p\000p\000r\000o\000a\000c\000h}{section.6.6}% 115
\BOOKMARK [1][-]{section.6.7}{\376\377\000D\000e\000r\000i\000v\000a\000t\000i\000o\000n\000\040\000o\000f\000\040\000a\000\040\000d\000a\000t\000a\000-\000a\000d\000a\000p\000t\000i\000v\000e\000\040\000e\000p\000s\000i\000l\000o\000n\000\040\000r\000u\000l\000e}{chapter.6}% 116
\BOOKMARK [2][-]{subsection.6.7.1}{\376\377\000M\000o\000t\000i\000v\000a\000t\000i\000o\000n}{section.6.7}% 117
\BOOKMARK [2][-]{subsection.6.7.2}{\376\377\000S\000i\000m\000u\000l\000a\000t\000i\000o\000n\000\040\000s\000e\000t\000u\000p}{section.6.7}% 118
\BOOKMARK [2][-]{subsection.6.7.3}{\376\377\000F\000r\000o\000m\000\040\000l\000i\000n\000e\000a\000r\000\040\000d\000e\000p\000e\000n\000d\000e\000n\000c\000e\000\040\000t\000o\000\040\000t\000h\000e\000\040\000l\000o\000g\000-\000s\000a\000t\000u\000r\000a\000t\000i\000o\000n\000\040\000r\000u\000l\000e}{section.6.7}% 119
\BOOKMARK [2][-]{subsection.6.7.4}{\376\377\000L\000i\000f\000t\000\040\000f\000o\000r\000\040\000i\000n\000t\000e\000r\000m\000e\000d\000i\000a\000t\000e\000\040\000s\000t\000a\000t\000i\000s\000t\000i\000c\000s}{section.6.7}% 120
\BOOKMARK [2][-]{subsection.6.7.5}{\376\377\000P\000e\000r\000m\000u\000t\000a\000t\000i\000o\000n\000-\000b\000a\000s\000e\000d\000\040\000c\000a\000p}{section.6.7}% 121
\BOOKMARK [2][-]{subsection.6.7.6}{\376\377\000S\000t\000a\000n\000d\000a\000r\000d\000i\000z\000a\000t\000i\000o\000n}{section.6.7}% 122
\BOOKMARK [2][-]{subsection.6.7.7}{\376\377\000F\000i\000n\000a\000l\000\040\000e\000p\000s\000i\000l\000o\000n\000\040\000r\000u\000l\000e}{section.6.7}% 123
\BOOKMARK [2][-]{subsection.6.7.8}{\376\377\000D\000a\000t\000a\000-\000a\000d\000a\000p\000t\000i\000v\000e\000\040\000e\000p\000s\000i\000l\000o\000n\000\040\000r\000e\000f\000i\000n\000e\000m\000e\000n\000t}{section.6.7}% 124
\BOOKMARK [1][-]{section.6.8}{\376\377\000G\000P\000D\000\040\000p\000a\000r\000a\000m\000e\000t\000e\000r\000\040\000e\000s\000t\000i\000m\000a\000t\000i\000o\000n}{chapter.6}% 125
\BOOKMARK [2][-]{subsection.6.8.1}{\376\377\000M\000e\000t\000h\000o\000d\000s\000\040\000f\000o\000r\000\040\000G\000P\000D\000\040\000p\000a\000r\000a\000m\000e\000t\000e\000r\000\040\000e\000s\000t\000i\000m\000a\000t\000i\000o\000n}{section.6.8}% 126
\BOOKMARK [2][-]{subsection.6.8.2}{\376\377\000S\000i\000m\000u\000l\000a\000t\000i\000o\000n\000\040\000s\000t\000u\000d\000y\000\040\000o\000n\000\040\000p\000a\000r\000a\000m\000e\000t\000e\000r\000\040\000r\000e\000c\000o\000v\000e\000r\000y}{section.6.8}% 127
\BOOKMARK [2][-]{subsection.6.8.3}{\376\377\000T\000o\000l\000e\000r\000a\000n\000c\000e\000\040\000c\000a\000l\000i\000b\000r\000a\000t\000i\000o\000n\000\040\000f\000o\000r\000\040\000G\000P\000D\000\040\000e\000s\000t\000i\000m\000a\000t\000i\000o\000n\000\040\000m\000e\000t\000h\000o\000d\000s}{section.6.8}% 128
\BOOKMARK [2][-]{subsection.6.8.4}{\376\377\000S\000i\000m\000u\000l\000a\000t\000i\000o\000n\000\040\000s\000t\000u\000d\000y\000\040\000o\000n\000\040\000r\000o\000b\000u\000s\000t\000n\000e\000s\000s\000\040\000u\000n\000d\000e\000r\000\040\000s\000u\000p\000p\000o\000r\000t\000\040\000c\000o\000n\000s\000t\000r\000a\000i\000n\000t\000s}{section.6.8}% 129
\BOOKMARK [2][-]{subsection.6.8.5}{\376\377\000R\000u\000n\000t\000i\000m\000e\000\040\000c\000o\000m\000p\000a\000r\000i\000s\000o\000n\000\040\000o\000f\000\040\000G\000P\000D\000\040\000f\000i\000t\000t\000i\000n\000g\000\040\000m\000e\000t\000h\000o\000d\000s}{section.6.8}% 130
\BOOKMARK [2][-]{subsection.6.8.6}{\376\377\000D\000e\000c\000i\000s\000i\000o\000n\000\040\000f\000o\000r\000\040\000a\000\040\000d\000e\000f\000a\000u\000l\000t\000\040\000e\000s\000t\000i\000m\000a\000t\000i\000o\000n\000\040\000m\000e\000t\000h\000o\000d}{section.6.8}% 131
\BOOKMARK [1][-]{section.6.9}{\376\377\000S\000i\000m\000u\000l\000a\000t\000i\000o\000n\000\040\000s\000t\000u\000d\000i\000e\000s}{chapter.6}% 132
\BOOKMARK [2][-]{subsection.6.9.1}{\376\377\000C\000o\000m\000p\000a\000r\000e\000d\000\040\000m\000e\000t\000h\000o\000d\000s}{section.6.9}% 133
\BOOKMARK [2][-]{subsection.6.9.2}{\376\377\000T\000w\000o\000-\000s\000a\000m\000p\000l\000e\000\040\000t\000-\000t\000e\000s\000t\000\040\000w\000i\000t\000h\000\040\000G\000a\000u\000s\000s\000i\000a\000n\000\040\000d\000a\000t\000a}{section.6.9}% 134
\BOOKMARK [2][-]{subsection.6.9.3}{\376\377\000W\000i\000l\000c\000o\000x\000o\000n\000\040\000r\000a\000n\000k\000-\000s\000u\000m\000\040\000t\000e\000s\000t\000\040\000w\000i\000t\000h\000\040\000e\000x\000p\000o\000n\000e\000n\000t\000i\000a\000l\000\040\000d\000a\000t\000a}{section.6.9}% 135
\BOOKMARK [1][-]{section.6.10}{\376\377\000D\000i\000s\000c\000u\000s\000s\000i\000o\000n}{chapter.6}% 136
\BOOKMARK [0][-]{chapter.7}{\376\377\000I\000n\000t\000e\000g\000r\000a\000t\000e\000d\000\040\000a\000n\000a\000l\000y\000s\000i\000s\000\040\000o\000f\000\040\000t\000h\000e\000\040\000P\000A\000S\000T\000U\000R\000E\000\040\000c\000o\000h\000o\000r\000t}{}% 137
\BOOKMARK [1][-]{section.7.1}{\376\377\000I\000n\000t\000r\000o\000d\000u\000c\000t\000i\000o\000n}{chapter.7}% 138
\BOOKMARK [1][-]{section.7.2}{\376\377\000D\000a\000t\000a\000\040\000d\000e\000s\000c\000r\000i\000p\000t\000i\000o\000n\000\040\000a\000n\000d\000\040\000p\000r\000e\000p\000r\000o\000c\000e\000s\000s\000i\000n\000g}{chapter.7}% 139
\BOOKMARK [2][-]{subsection.7.2.1}{\376\377\000S\000t\000u\000d\000y\000\040\000d\000e\000s\000i\000g\000n\000\040\000a\000n\000d\000\040\000m\000e\000t\000a\000d\000a\000t\000a}{section.7.2}% 140
\BOOKMARK [2][-]{subsection.7.2.2}{\376\377\000M\000i\000c\000r\000o\000b\000i\000o\000m\000e\000\040\000d\000a\000t\000a\000\040\000g\000e\000n\000e\000r\000a\000t\000i\000o\000n}{section.7.2}% 141
\BOOKMARK [2][-]{subsection.7.2.3}{\376\377\000P\000r\000e\000p\000r\000o\000c\000e\000s\000s\000i\000n\000g\000\040\000o\000f\000\040\000t\000h\000e\000\040\000m\000i\000c\000r\000o\000b\000i\000o\000m\000e\000\040\000d\000a\000t\000a}{section.7.2}% 142
\BOOKMARK [2][-]{subsection.7.2.4}{\376\377\000R\000e\000d\000u\000c\000e\000d\000\040\000a\000n\000a\000l\000y\000s\000i\000s\000\040\000d\000a\000t\000a\000\040\000s\000e\000t}{section.7.2}% 143
\BOOKMARK [2][-]{subsection.7.2.5}{\376\377\000T\000a\000x\000o\000n\000o\000m\000i\000c\000\040\000a\000g\000g\000r\000e\000g\000a\000t\000i\000o\000n\000\040\000a\000n\000d\000\040\000p\000r\000e\000v\000a\000l\000e\000n\000c\000e\000\040\000f\000i\000l\000t\000e\000r\000i\000n\000g}{section.7.2}% 144
\BOOKMARK [2][-]{subsection.7.2.6}{\376\377\000D\000e\000f\000a\000u\000l\000t\000\040\000d\000a\000t\000a\000\040\000s\000e\000t\000\040\000f\000o\000r\000\040\000d\000o\000w\000n\000s\000t\000r\000e\000a\000m\000\040\000a\000n\000a\000l\000y\000s\000e\000s}{section.7.2}% 145
\BOOKMARK [1][-]{section.7.3}{\376\377\000W\000i\000t\000h\000i\000n\000-\000s\000a\000m\000p\000l\000e\000\040\000d\000i\000v\000e\000r\000s\000i\000t\000y}{chapter.7}% 146
\BOOKMARK [2][-]{subsection.7.3.1}{\376\377\000A\000n\000a\000l\000y\000s\000i\000s\000\040\000d\000a\000t\000a}{section.7.3}% 147
\BOOKMARK [2][-]{subsection.7.3.2}{\376\377\000C\000o\000m\000p\000a\000r\000i\000s\000o\000n\000\040\000o\000f\000\040\000r\000i\000c\000h\000n\000e\000s\000s\000\040\000e\000s\000t\000i\000m\000a\000t\000o\000r\000s}{section.7.3}% 148
\BOOKMARK [2][-]{subsection.7.3.3}{\376\377\000W\000i\000t\000h\000i\000n\000-\000s\000a\000m\000p\000l\000e\000\040\000d\000i\000v\000e\000r\000s\000i\000t\000y\000\040\000a\000c\000r\000o\000s\000s\000\040\000c\000o\000h\000o\000r\000t\000\040\000v\000a\000r\000i\000a\000b\000l\000e\000s}{section.7.3}% 149
\BOOKMARK [2][-]{subsection.7.3.4}{\376\377\000P\000e\000r\000m\000u\000t\000a\000t\000i\000o\000n\000-\000b\000a\000s\000e\000d\000\040\000i\000n\000f\000e\000r\000e\000n\000c\000e\000\040\000a\000n\000d\000\040\000p\000-\000v\000a\000l\000u\000e\000\040\000r\000e\000f\000i\000n\000e\000m\000e\000n\000t}{section.7.3}% 150
\BOOKMARK [2][-]{subsection.7.3.5}{\376\377\000R\000e\000g\000r\000e\000s\000s\000i\000o\000n\000-\000b\000a\000s\000e\000d\000\040\000w\000i\000t\000h\000i\000n\000-\000s\000a\000m\000p\000l\000e\000\040\000d\000i\000v\000e\000r\000s\000i\000t\000y\000\040\000a\000n\000a\000l\000y\000s\000i\000s}{section.7.3}% 151
\BOOKMARK [1][-]{section.7.4}{\376\377\000B\000e\000t\000w\000e\000e\000n\000-\000s\000a\000m\000p\000l\000e\000\040\000d\000i\000s\000s\000i\000m\000i\000l\000a\000r\000i\000t\000y}{chapter.7}% 152
\BOOKMARK [2][-]{subsection.7.4.1}{\376\377\000E\000x\000p\000l\000o\000r\000a\000t\000o\000r\000y\000\040\000o\000r\000d\000i\000n\000a\000t\000i\000o\000n}{section.7.4}% 153
\BOOKMARK [2][-]{subsection.7.4.2}{\376\377\000P\000E\000R\000M\000A\000N\000O\000V\000A}{section.7.4}% 154
\BOOKMARK [2][-]{subsection.7.4.3}{\376\377\000P\000E\000R\000M\000D\000I\000S\000P}{section.7.4}% 155
\BOOKMARK [1][-]{section.7.5}{\376\377\000R\000e\000g\000r\000e\000s\000s\000i\000o\000n\000\040\000m\000o\000d\000e\000l\000s\000\040\000f\000o\000r\000\040\000c\000o\000m\000p\000o\000s\000i\000t\000i\000o\000n\000a\000l\000\040\000r\000e\000s\000p\000o\000n\000s\000e\000s}{chapter.7}% 156
\BOOKMARK [1][-]{section.7.6}{\376\377\000C\000o\000m\000p\000o\000s\000i\000t\000i\000o\000n\000a\000l\000\040\000e\000q\000u\000i\000v\000a\000l\000e\000n\000c\000e}{chapter.7}% 157
\BOOKMARK [1][-]{section.7.7}{\376\377\000E\000x\000p\000l\000o\000r\000a\000t\000o\000r\000y\000\040\000f\000e\000a\000t\000u\000r\000e\000-\000l\000e\000v\000e\000l\000\040\000a\000n\000a\000l\000y\000s\000i\000s}{chapter.7}% 158
\BOOKMARK [1][-]{section.7.8}{\376\377\000D\000i\000f\000f\000e\000r\000e\000n\000t\000i\000a\000l\000\040\000a\000b\000u\000n\000d\000a\000n\000c\000e\000\040\000a\000n\000a\000l\000y\000s\000i\000s}{chapter.7}% 159
\BOOKMARK [2][-]{subsection.7.8.1}{\376\377\000A\000n\000a\000l\000y\000s\000i\000s\000\040\000s\000e\000t\000u\000p\000\040\000a\000n\000d\000\040\000D\000A\000C\000O\000M\000P\000\040\000r\000e\000f\000e\000r\000e\000n\000c\000e\000\040\000s\000e\000t}{section.7.8}% 160
\BOOKMARK [2][-]{subsection.7.8.2}{\376\377\000P\000e\000r\000m\000u\000t\000a\000t\000i\000o\000n\000\040\000r\000e\000s\000o\000l\000u\000t\000i\000o\000n\000\040\000a\000n\000d\000\040\000p\000-\000v\000a\000l\000u\000e\000\040\000r\000e\000f\000i\000n\000e\000m\000e\000n\000t}{section.7.8}% 161
\BOOKMARK [2][-]{subsection.7.8.3}{\376\377\000R\000u\000n\000t\000i\000m\000e\000\040\000c\000o\000m\000p\000a\000r\000i\000s\000o\000n}{section.7.8}% 162
\BOOKMARK [2][-]{subsection.7.8.4}{\376\377\000D\000e\000s\000c\000r\000i\000p\000t\000i\000v\000e\000\040\000c\000h\000a\000r\000a\000c\000t\000e\000r\000i\000z\000a\000t\000i\000o\000n\000\040\000o\000f\000\040\000s\000e\000l\000e\000c\000t\000e\000d\000\040\000g\000e\000n\000e\000r\000a}{section.7.8}% 163
\BOOKMARK [1][-]{section.7.9}{\376\377\000D\000i\000f\000f\000e\000r\000e\000n\000t\000i\000a\000l\000\040\000d\000i\000s\000t\000r\000i\000b\000u\000t\000i\000o\000n\000\040\000a\000n\000a\000l\000y\000s\000i\000s}{chapter.7}% 164
\BOOKMARK [2][-]{subsection.7.9.1}{\376\377\000A\000n\000a\000l\000y\000s\000i\000s\000\040\000s\000e\000t\000u\000p\000\040\000a\000n\000d\000\040\000a\000d\000a\000p\000t\000e\000d\000\040\000w\000a\000d\000d\000R\000\040\000w\000o\000r\000k\000f\000l\000o\000w}{section.7.9}% 165
\BOOKMARK [2][-]{subsection.7.9.2}{\376\377\000Z\000e\000r\000o\000\040\000p\000-\000v\000a\000l\000u\000e\000s\000\040\000a\000n\000d\000\040\000c\000o\000n\000s\000t\000r\000a\000i\000n\000e\000d\000\040\000t\000a\000i\000l\000\040\000a\000p\000p\000r\000o\000x\000i\000m\000a\000t\000i\000o\000n}{section.7.9}% 166
\BOOKMARK [2][-]{subsection.7.9.3}{\376\377\000D\000i\000f\000f\000e\000r\000e\000n\000t\000i\000a\000l\000\040\000d\000i\000s\000t\000r\000i\000b\000u\000t\000i\000o\000n\000\040\000r\000e\000s\000u\000l\000t\000s}{section.7.9}% 167
\BOOKMARK [2][-]{subsection.7.9.4}{\376\377\000D\000i\000s\000t\000r\000i\000b\000u\000t\000i\000o\000n\000\040\000d\000i\000a\000g\000n\000o\000s\000t\000i\000c\000s\000\040\000f\000o\000r\000\040\000s\000e\000l\000e\000c\000t\000e\000d\000\040\000g\000e\000n\000e\000r\000a}{section.7.9}% 168
\BOOKMARK [1][-]{section.7.10}{\376\377\000N\000e\000t\000w\000o\000r\000k\000\040\000a\000n\000a\000l\000y\000s\000i\000s}{chapter.7}% 169
\BOOKMARK [2][-]{subsection.7.10.1}{\376\377\000B\000a\000s\000e\000l\000i\000n\000e\000\040\000a\000s\000s\000o\000c\000i\000a\000t\000i\000o\000n\000\040\000n\000e\000t\000w\000o\000r\000k}{section.7.10}% 170
\BOOKMARK [2][-]{subsection.7.10.2}{\376\377\000S\000e\000n\000s\000i\000t\000i\000v\000i\000t\000y\000\040\000t\000o\000\040\000n\000e\000t\000w\000o\000r\000k\000-\000c\000o\000n\000s\000t\000r\000u\000c\000t\000i\000o\000n\000\040\000c\000h\000o\000i\000c\000e\000s}{section.7.10}% 171
\BOOKMARK [1][-]{section.7.11}{\376\377\000N\000e\000t\000w\000o\000r\000k\000\040\000c\000o\000m\000p\000a\000r\000i\000s\000o\000n\000\040\000b\000e\000t\000w\000e\000e\000n\000\040\000E\000B\000F\000\040\000g\000r\000o\000u\000p\000s}{chapter.7}% 172
\BOOKMARK [2][-]{subsection.7.11.1}{\376\377\000D\000e\000s\000c\000r\000i\000p\000t\000i\000v\000e\000\040\000c\000o\000m\000p\000a\000r\000i\000s\000o\000n}{section.7.11}% 173
\BOOKMARK [2][-]{subsection.7.11.2}{\376\377\000D\000e\000f\000i\000n\000i\000n\000g\000\040\000t\000h\000e\000\040\000n\000e\000t\000w\000o\000r\000k\000\040\000c\000o\000n\000s\000t\000r\000u\000c\000t\000i\000o\000n\000\040\000a\000p\000p\000r\000o\000a\000c\000h}{section.7.11}% 174
\BOOKMARK [2][-]{subsection.7.11.3}{\376\377\000P\000e\000r\000m\000u\000t\000a\000t\000i\000o\000n\000\040\000p\000r\000o\000c\000e\000d\000u\000r\000e}{section.7.11}% 175
\BOOKMARK [2][-]{subsection.7.11.4}{\376\377\000D\000i\000f\000f\000e\000r\000e\000n\000t\000i\000a\000l\000\040\000n\000e\000t\000w\000o\000r\000k\000\040\000a\000n\000a\000l\000y\000s\000i\000s}{section.7.11}% 176
\BOOKMARK [2][-]{subsection.7.11.5}{\376\377\000D\000i\000f\000f\000e\000r\000e\000n\000t\000i\000a\000l\000\040\000a\000s\000s\000o\000c\000i\000a\000t\000i\000o\000n\000\040\000a\000n\000a\000l\000y\000s\000i\000s}{section.7.11}% 177
\BOOKMARK [1][-]{section.7.12}{\376\377\000D\000i\000s\000c\000u\000s\000s\000i\000o\000n}{chapter.7}% 178
\BOOKMARK [0][-]{chapter.8}{\376\377\000D\000i\000s\000c\000u\000s\000s\000i\000o\000n\000\040\000a\000n\000d\000\040\000c\000o\000n\000c\000l\000u\000s\000i\000o\000n}{}% 179
\BOOKMARK [1][-]{section.8.1}{\376\377\000B\000r\000i\000n\000g\000i\000n\000g\000\040\000t\000h\000e\000\040\000c\000o\000n\000t\000r\000i\000b\000u\000t\000i\000o\000n\000s\000\040\000t\000o\000g\000e\000t\000h\000e\000r}{chapter.8}% 180
\BOOKMARK [1][-]{section.8.2}{\376\377\000A\000n\000\040\000i\000n\000t\000e\000g\000r\000a\000t\000e\000d\000\040\000v\000i\000e\000w\000\040\000o\000f\000\040\000m\000i\000c\000r\000o\000b\000i\000o\000m\000e\000\040\000a\000n\000a\000l\000y\000s\000i\000s}{chapter.8}% 181
\BOOKMARK [1][-]{section.8.3}{\376\377\000L\000e\000s\000s\000o\000n\000s\000\040\000f\000o\000r\000\040\000m\000i\000c\000r\000o\000b\000i\000o\000m\000e\000\040\000a\000n\000a\000l\000y\000s\000i\000s}{chapter.8}% 182
\BOOKMARK [1][-]{section.8.4}{\376\377\000L\000i\000m\000i\000t\000a\000t\000i\000o\000n\000s\000\040\000a\000n\000d\000\040\000f\000u\000t\000u\000r\000e\000\040\000d\000i\000r\000e\000c\000t\000i\000o\000n\000s}{chapter.8}% 183
\BOOKMARK [1][-]{section.8.5}{\376\377\000C\000o\000n\000c\000l\000u\000s\000i\000o\000n}{chapter.8}% 184
\BOOKMARK [0][-]{appendix.A}{\376\377\000A\000p\000p\000e\000n\000d\000i\000c\000e\000s\000\040\000t\000o\000\040\000C\000h\000a\000p\000t\000e\000r\000\040\0005}{}% 185
\BOOKMARK [0][-]{appendix.B}{\376\377\000A\000p\000p\000e\000n\000d\000i\000c\000e\000s\000\040\000t\000o\000\040\000C\000h\000a\000p\000t\000e\000r\000\040\0006}{}% 186
\BOOKMARK [0][-]{appendix.C}{\376\377\000A\000p\000p\000e\000n\000d\000i\000c\000e\000s\000\040\000t\000o\000\040\000C\000h\000a\000p\000t\000e\000r\000\040\0007\000\040\000\050\000P\000A\000S\000T\000U\000R\000E\000\040\000a\000n\000a\000l\000y\000s\000i\000s\000\051}{}% 187
\BOOKMARK [1][-]{appendix.C.1}{\376\377\000W\000i\000t\000h\000i\000n\000-\000s\000a\000m\000p\000l\000e\000\040\000d\000i\000v\000e\000r\000s\000i\000t\000y\000\040\000a\000c\000r\000o\000s\000s\000\040\000r\000e\000m\000a\000i\000n\000i\000n\000g\000\040\000c\000o\000h\000o\000r\000t\000\040\000v\000a\000r\000i\000a\000b\000l\000e\000s}{appendix.C}% 188
\BOOKMARK [1][-]{appendix.C.2}{\376\377\000C\000o\000m\000p\000o\000s\000i\000t\000i\000o\000n\000a\000l\000\040\000e\000q\000u\000i\000v\000a\000l\000e\000n\000c\000e}{appendix.C}% 189
\BOOKMARK [1][-]{appendix.C.3}{\376\377\000D\000i\000f\000f\000e\000r\000e\000n\000t\000i\000a\000l\000\040\000a\000b\000u\000n\000d\000a\000n\000c\000e\000\040\000a\000n\000a\000l\000y\000s\000i\000s}{appendix.C}% 190
\BOOKMARK [1][-]{appendix.C.4}{\376\377\000D\000i\000f\000f\000e\000r\000e\000n\000t\000i\000a\000l\000\040\000d\000i\000s\000t\000r\000i\000b\000u\000t\000i\000o\000n\000\040\000a\000n\000a\000l\000y\000s\000i\000s}{appendix.C}% 191
\BOOKMARK [1][-]{appendix.C.5}{\376\377\000N\000e\000t\000w\000o\000r\000k\000\040\000a\000n\000a\000l\000y\000s\000i\000s}{appendix.C}% 192
\BOOKMARK [1][-]{appendix.C.6}{\376\377\000N\000e\000t\000w\000o\000r\000k\000\040\000c\000o\000m\000p\000a\000r\000i\000s\000o\000n}{appendix.C}% 193
\BOOKMARK [0][-]{appendix.D}{\376\377\000E\000l\000e\000c\000t\000r\000o\000n\000i\000c\000\040\000a\000p\000p\000e\000n\000d\000i\000x}{}% 194
